# JRE version: OpenJDK Runtime Environment (23.0.2) (build 23.0.2)
# Java VM: OpenJDK 64-Bit Server VM (23.0.2, mixed mode, sharing, tiered, compressed oops, compressed class ptrs, g1 gc, linux-amd64)
Heap:
 garbage-first heap   total reserved 7094272K, committed 450560K, used 196324K [0x000000064f000000, 0x0000000800000000)
  region size 4096K, 46 young (188416K), 5 survivors (20480K)
 Metaspace       used 8777K, committed 9024K, reserved 1114112K
  class space    used 666K, committed 768K, reserved 1048576K
GC Heap History (20 events):
Event: 96,960 GC heap before
{Heap before GC invocations=13 (full 0):
 garbage-first heap   total reserved 7094272K, committed 450560K, used 266649K [0x000000064f000000, 0x0000000800000000)
  region size 4096K, 65 young (266240K), 5 survivors (20480K)
 Metaspace       used 8674K, committed 8896K, reserved 1114112K
  class space    used 654K, committed 768K, reserved 1048576K
}
Event: 96,964 GC heap after
{Heap after GC invocations=14 (full 0):
 garbage-first heap   total reserved 7094272K, committed 450560K, used 23060K [0x000000064f000000, 0x0000000800000000)
  region size 4096K, 5 young (20480K), 5 survivors (20480K)
 Metaspace       used 8674K, committed 8896K, reserved 1114112K
  class space    used 654K, committed 768K, reserved 1048576K
}
Event: 104,060 GC heap before
{Heap before GC invocations=14 (full 0):
 garbage-first heap   total reserved 7094272K, committed 450560K, used 268820K [0x000000064f000000, 0x0000000800000000)
  region size 4096K, 65 young (266240K), 5 survivors (20480K)
 Metaspace       used 8675K, committed 8896K, reserved 1114112K
  class space    used 654K, committed 768K, reserved 1048576K
}
Event: 104,065 GC heap after
{Heap after GC invocations=15 (full 0):
 garbage-first heap   total reserved 7094272K, committed 450560K, used 23906K [0x000000064f000000, 0x0000000800000000)
  region size 4096K, 5 young (20480K), 5 survivors (20480K)
 Metaspace       used 8675K, committed 8896K, reserved 1114112K
  class space    used 654K, committed 768K, reserved 1048576K
}
Event: 111,127 GC heap before
{Heap before GC invocations=15 (full 0):
 garbage-first heap   total reserved 7094272K, committed 450560K, used 269666K [0x000000064f000000, 0x0000000800000000)
  region size 4096K, 65 young (266240K), 5 survivors (20480K)
 Metaspace       used 8678K, committed 8896K, reserved 1114112K
  class space    used 654K, committed 768K, reserved 1048576K
}
Event: 111,132 GC heap after
{Heap after GC invocations=16 (full 0):
 garbage-first heap   total reserved 7094272K, committed 450560K, used 25056K [0x000000064f000000, 0x0000000800000000)
  region size 4096K, 6 young (24576K), 6 survivors (24576K)
 Metaspace       used 8678K, committed 8896K, reserved 1114112K
  class space    used 654K, committed 768K, reserved 1048576K
}
Event: 118,093 GC heap before
{Heap before GC invocations=16 (full 0):
 garbage-first heap   total reserved 7094272K, committed 450560K, used 266720K [0x000000064f000000, 0x0000000800000000)
  region size 4096K, 65 young (266240K), 6 survivors (24576K)
 Metaspace       used 8679K, committed 8896K, reserved 1114112K
  class space    used 654K, committed 768K, reserved 1048576K
}
Event: 118,099 GC heap after
{Heap after GC invocations=17 (full 0):
 garbage-first heap   total reserved 7094272K, committed 450560K, used 26094K [0x000000064f000000, 0x0000000800000000)
  region size 4096K, 5 young (20480K), 5 survivors (20480K)
 Metaspace       used 8679K, committed 8896K, reserved 1114112K
  class space    used 654K, committed 768K, reserved 1048576K
}
Event: 123,960 GC heap before
{Heap before GC invocations=17 (full 0):
 garbage-first heap   total reserved 7094272K, committed 450560K, used 271854K [0x000000064f000000, 0x0000000800000000)
  region size 4096K, 65 young (266240K), 5 survivors (20480K)
 Metaspace       used 8679K, committed 8896K, reserved 1114112K
  class space    used 654K, committed 768K, reserved 1048576K
}
Event: 123,966 GC heap after
{Heap after GC invocations=18 (full 0):
 garbage-first heap   total reserved 7094272K, committed 450560K, used 26918K [0x000000064f000000, 0x0000000800000000)
  region size 4096K, 5 young (20480K), 5 survivors (20480K)
 Metaspace       used 8679K, committed 8896K, reserved 1114112K
  class space    used 654K, committed 768K, reserved 1048576K
}
Event: 129,827 GC heap before
{Heap before GC invocations=18 (full 0):
 garbage-first heap   total reserved 7094272K, committed 450560K, used 272678K [0x000000064f000000, 0x0000000800000000)
  region size 4096K, 65 young (266240K), 5 survivors (20480K)
 Metaspace       used 8679K, committed 8896K, reserved 1114112K
  class space    used 654K, committed 768K, reserved 1048576K
}
Event: 129,832 GC heap after
{Heap after GC invocations=19 (full 0):
 garbage-first heap   total reserved 7094272K, committed 450560K, used 29302K [0x000000064f000000, 0x0000000800000000)
  region size 4096K, 6 young (24576K), 6 survivors (24576K)
 Metaspace       used 8679K, committed 8896K, reserved 1114112K
  class space    used 654K, committed 768K, reserved 1048576K
}
Event: 135,596 GC heap before
{Heap before GC invocations=19 (full 0):
 garbage-first heap   total reserved 7094272K, committed 450560K, used 270966K [0x000000064f000000, 0x0000000800000000)
  region size 4096K, 65 young (266240K), 6 survivors (24576K)
 Metaspace       used 8679K, committed 8896K, reserved 1114112K
  class space    used 654K, committed 768K, reserved 1048576K
}
Event: 135,601 GC heap after
{Heap after GC invocations=20 (full 0):
 garbage-first heap   total reserved 7094272K, committed 450560K, used 30405K [0x000000064f000000, 0x0000000800000000)
  region size 4096K, 6 young (24576K), 6 survivors (24576K)
 Metaspace       used 8679K, committed 8896K, reserved 1114112K
  class space    used 654K, committed 768K, reserved 1048576K
}
Event: 140,388 GC heap before
{Heap before GC invocations=20 (full 0):
 garbage-first heap   total reserved 7094272K, committed 450560K, used 272069K [0x000000064f000000, 0x0000000800000000)
  region size 4096K, 65 young (266240K), 6 survivors (24576K)
 Metaspace       used 8679K, committed 8896K, reserved 1114112K
  class space    used 654K, committed 768K, reserved 1048576K
}
Event: 140,394 GC heap after
{Heap after GC invocations=21 (full 0):
 garbage-first heap   total reserved 7094272K, committed 450560K, used 30484K [0x000000064f000000, 0x0000000800000000)
  region size 4096K, 5 young (20480K), 5 survivors (20480K)
 Metaspace       used 8679K, committed 8896K, reserved 1114112K
  class space    used 654K, committed 768K, reserved 1048576K
}
Event: 146,255 GC heap before
{Heap before GC invocations=21 (full 0):
 garbage-first heap   total reserved 7094272K, committed 450560K, used 276244K [0x000000064f000000, 0x0000000800000000)
  region size 4096K, 65 young (266240K), 5 survivors (20480K)
 Metaspace       used 8680K, committed 8896K, reserved 1114112K
  class space    used 654K, committed 768K, reserved 1048576K
}
Event: 146,260 GC heap after
{Heap after GC invocations=22 (full 0):
 garbage-first heap   total reserved 7094272K, committed 450560K, used 31492K [0x000000064f000000, 0x0000000800000000)
  region size 4096K, 5 young (20480K), 5 survivors (20480K)
 Metaspace       used 8680K, committed 8896K, reserved 1114112K
  class space    used 654K, committed 768K, reserved 1048576K
}
Event: 151,921 GC heap before
{Heap before GC invocations=22 (full 0):
 garbage-first heap   total reserved 7094272K, committed 450560K, used 277252K [0x000000064f000000, 0x0000000800000000)
  region size 4096K, 65 young (266240K), 5 survivors (20480K)
 Metaspace       used 8691K, committed 8896K, reserved 1114112K
  class space    used 654K, committed 768K, reserved 1048576K
}
Event: 151,926 GC heap after
{Heap after GC invocations=23 (full 0):
 garbage-first heap   total reserved 7094272K, committed 450560K, used 32484K [0x000000064f000000, 0x0000000800000000)
  region size 4096K, 5 young (20480K), 5 survivors (20480K)
 Metaspace       used 8691K, committed 8896K, reserved 1114112K
  class space    used 654K, committed 768K, reserved 1048576K
}

